<?xml version="1.0" encoding="UTF-8"?>
<!-- Generated by org.testng.reporters.JUnitReportReporter -->
<testsuite hostname="Jader" failures="0" tests="4" name="runners.TestRunner" time="16.945" errors="0" timestamp="2025-03-09T14:09:11 BRT" skipped="0">
  <testcase classname="runners.TestRunner" name="runScenario" time="4.607"/>
  <system-out/>
  <testcase classname="runners.TestRunner" name="runScenario" time="2.224"/>
  <system-out/>
  <testcase classname="runners.TestRunner" name="runScenario" time="5.628"/>
  <system-out/>
  <testcase classname="runners.TestRunner" name="runScenario" time="4.486"/>
  <system-out/>
</testsuite> <!-- runners.TestRunner -->
